Added Component: Designator=*?(ZIF)
Added Component: Designator=C1(CAP_0805)
Added Component: Designator=D0(DIAO)
Added Component: Designator=D1(LED_0603_RED)
Added Component: Designator=D2(LED_0603_RED)
Added Component: Designator=MK1(PIN2)
Added Component: Designator=P1(HDR2X10)
Added Component: Designator=P2(HDR2X10)
Added Component: Designator=P3(HDR1X2)
Added Component: Designator=PHONE1(PHONE_ST)
Added Component: Designator=Q1(SOT23)
Added Component: Designator=R1(RES_0603)
Added Component: Designator=SIM(SIM6)
Added Pin To Net: NetName=3V3 Pin=P1-1
Added Net: Name=3V3
Added Pin To Net: NetName=CCCLK Pin=*?-27
Added Pin To Net: NetName=CCCLK Pin=SIM-3
Added Net: Name=CCCLK
Added Pin To Net: NetName=CCGND Pin=*?-6
Added Pin To Net: NetName=CCGND Pin=*?-7
Added Pin To Net: NetName=CCGND Pin=*?-8
Added Pin To Net: NetName=CCGND Pin=*?-9
Added Pin To Net: NetName=CCGND Pin=*?-10
Added Pin To Net: NetName=CCGND Pin=*?-29
Added Pin To Net: NetName=CCGND Pin=*?-36
Added Pin To Net: NetName=CCGND Pin=C1-1
Added Pin To Net: NetName=CCGND Pin=D2-2
Added Pin To Net: NetName=CCGND Pin=P1-4
Added Pin To Net: NetName=CCGND Pin=P2-2
Added Pin To Net: NetName=CCGND Pin=P3-2
Added Pin To Net: NetName=CCGND Pin=PHONE1-3
Added Pin To Net: NetName=CCGND Pin=PHONE1-3
Added Pin To Net: NetName=CCGND Pin=Q1-2
Added Pin To Net: NetName=CCGND Pin=SIM-4
Added Net: Name=CCGND
Added Pin To Net: NetName=CCIO Pin=*?-26
Added Pin To Net: NetName=CCIO Pin=SIM-6
Added Net: Name=CCIO
Added Pin To Net: NetName=CCRST Pin=*?-25
Added Pin To Net: NetName=CCRST Pin=SIM-2
Added Net: Name=CCRST
Added Pin To Net: NetName=CCVCC Pin=*?-28
Added Pin To Net: NetName=CCVCC Pin=C1-2
Added Pin To Net: NetName=CCVCC Pin=SIM-1
Added Net: Name=CCVCC
Added Pin To Net: NetName=LPO Pin=*?-35
Added Pin To Net: NetName=LPO Pin=PHONE1-1
Added Pin To Net: NetName=LPO Pin=PHONE1-1
Added Net: Name=LPO
Added Pin To Net: NetName=MNE Pin=*?-38
Added Pin To Net: NetName=MNE Pin=MK1-1
Added Net: Name=MNE
Added Pin To Net: NetName=MPO Pin=*?-37
Added Pin To Net: NetName=MPO Pin=MK1-2
Added Net: Name=MPO
Added Pin To Net: NetName=Net*?_32 Pin=*?-32
Added Pin To Net: NetName=Net*?_32 Pin=Q1-1
Added Net: Name=Net*?_32
Added Pin To Net: NetName=NetD1_2 Pin=D1-2
Added Pin To Net: NetName=NetD1_2 Pin=Q1-3
Added Net: Name=NetD1_2
Added Pin To Net: NetName=NetD2_1 Pin=D2-1
Added Pin To Net: NetName=NetD2_1 Pin=R1-1
Added Net: Name=NetD2_1
Added Pin To Net: NetName=PA2 Pin=P2-20
Added Net: Name=PA2
Added Pin To Net: NetName=PA3 Pin=P2-18
Added Net: Name=PA3
Added Pin To Net: NetName=PA4 Pin=P2-16
Added Net: Name=PA4
Added Pin To Net: NetName=PA5 Pin=P1-15
Added Net: Name=PA5
Added Pin To Net: NetName=PA6 Pin=P1-17
Added Net: Name=PA6
Added Pin To Net: NetName=PA7 Pin=*?-17
Added Pin To Net: NetName=PA7 Pin=P1-19
Added Net: Name=PA7
Added Pin To Net: NetName=PB0 Pin=P1-5
Added Net: Name=PB0
Added Pin To Net: NetName=PB1 Pin=P1-7
Added Net: Name=PB1
Added Pin To Net: NetName=PB2 Pin=P2-4
Added Net: Name=PB2
Added Pin To Net: NetName=PB3 Pin=P2-5
Added Net: Name=PB3
Added Pin To Net: NetName=PB4 Pin=P1-13
Added Net: Name=PB4
Added Pin To Net: NetName=PB5 Pin=P1-3
Added Net: Name=PB5
Added Pin To Net: NetName=PB6 Pin=P2-14
Added Net: Name=PB6
Added Pin To Net: NetName=PB7 Pin=P2-12
Added Net: Name=PB7
Added Pin To Net: NetName=PC4 Pin=*?-18
Added Pin To Net: NetName=PC4 Pin=P2-7
Added Net: Name=PC4
Added Pin To Net: NetName=PC5 Pin=*?-19
Added Pin To Net: NetName=PC5 Pin=P2-9
Added Net: Name=PC5
Added Pin To Net: NetName=PC6 Pin=P2-11
Added Net: Name=PC6
Added Pin To Net: NetName=PC7 Pin=P2-13
Added Net: Name=PC7
Added Pin To Net: NetName=PD0 Pin=P1-6
Added Net: Name=PD0
Added Pin To Net: NetName=PD1 Pin=P1-8
Added Net: Name=PD1
Added Pin To Net: NetName=PD2 Pin=P1-10
Added Net: Name=PD2
Added Pin To Net: NetName=PD3 Pin=P1-12
Added Net: Name=PD3
Added Pin To Net: NetName=PD6 Pin=P2-15
Added Net: Name=PD6
Added Pin To Net: NetName=PD7 Pin=P2-17
Added Net: Name=PD7
Added Pin To Net: NetName=PE0 Pin=P2-6
Added Net: Name=PE0
Added Pin To Net: NetName=PE1 Pin=P1-14
Added Net: Name=PE1
Added Pin To Net: NetName=PE2 Pin=*?-15
Added Pin To Net: NetName=PE2 Pin=P1-16
Added Net: Name=PE2
Added Pin To Net: NetName=PE3 Pin=P1-18
Added Net: Name=PE3
Added Pin To Net: NetName=PE4 Pin=P1-9
Added Net: Name=PE4
Added Pin To Net: NetName=PE5 Pin=P1-11
Added Net: Name=PE5
Added Pin To Net: NetName=PF0 Pin=P2-8
Added Net: Name=PF0
Added Pin To Net: NetName=PF1 Pin=P1-20
Added Net: Name=PF1
Added Pin To Net: NetName=PF2 Pin=P2-1
Added Net: Name=PF2
Added Pin To Net: NetName=PF3 Pin=P2-3
Added Net: Name=PF3
Added Pin To Net: NetName=PF4 Pin=P2-19
Added Net: Name=PF4
Added Pin To Net: NetName=RST Pin=P2-10
Added Net: Name=RST
Added Pin To Net: NetName=V5 Pin=D0-1
Added Pin To Net: NetName=V5 Pin=D1-1
Added Pin To Net: NetName=V5 Pin=P3-1
Added Pin To Net: NetName=V5 Pin=R1-2
Added Net: Name=V5
Added Pin To Net: NetName=VBAT Pin=*?-1
Added Pin To Net: NetName=VBAT Pin=*?-2
Added Pin To Net: NetName=VBAT Pin=*?-3
Added Pin To Net: NetName=VBAT Pin=*?-4
Added Pin To Net: NetName=VBAT Pin=*?-5
Added Pin To Net: NetName=VBAT Pin=D0-2
Added Net: Name=VBAT
Added Pin To Net: NetName=VBUS Pin=P1-2
Added Net: Name=VBUS
Added Class: Name=m14sim
Added Room: Name=m14sim
