Added Component: Designator=CAN(MKDSN_3RMI)
Added Component: Designator=P1(HDR2X10)
Added Component: Designator=P2(HDR2X10)
Added Component: Designator=R1(RES_0603)
Added Component: Designator=U1(SOIC-8)
Added Pin To Net: NetName=3V3 Pin=P1-1
Added Net: Name=3V3
Added Pin To Net: NetName=CANH Pin=CAN-2
Added Pin To Net: NetName=CANH Pin=R1-1
Added Pin To Net: NetName=CANH Pin=U1-7
Added Net: Name=CANH
Added Pin To Net: NetName=CANL Pin=CAN-3
Added Pin To Net: NetName=CANL Pin=R1-2
Added Pin To Net: NetName=CANL Pin=U1-6
Added Net: Name=CANL
Added Pin To Net: NetName=GND Pin=CAN-1
Added Pin To Net: NetName=GND Pin=P1-4
Added Pin To Net: NetName=GND Pin=P2-2
Added Pin To Net: NetName=GND Pin=U1-2
Added Pin To Net: NetName=GND Pin=U1-8
Added Net: Name=GND
Added Pin To Net: NetName=PA2 Pin=P2-20
Added Net: Name=PA2
Added Pin To Net: NetName=PA3 Pin=P2-18
Added Net: Name=PA3
Added Pin To Net: NetName=PA4 Pin=P2-16
Added Net: Name=PA4
Added Pin To Net: NetName=PA5 Pin=P1-15
Added Net: Name=PA5
Added Pin To Net: NetName=PA6 Pin=P1-17
Added Net: Name=PA6
Added Pin To Net: NetName=PA7 Pin=P1-19
Added Net: Name=PA7
Added Pin To Net: NetName=PB0 Pin=P1-5
Added Net: Name=PB0
Added Pin To Net: NetName=PB1 Pin=P1-7
Added Net: Name=PB1
Added Pin To Net: NetName=PB2 Pin=P2-4
Added Net: Name=PB2
Added Pin To Net: NetName=PB3 Pin=P2-5
Added Net: Name=PB3
Added Pin To Net: NetName=PB4 Pin=P1-13
Added Net: Name=PB4
Added Pin To Net: NetName=PB5 Pin=P1-3
Added Net: Name=PB5
Added Pin To Net: NetName=PB6 Pin=P2-14
Added Net: Name=PB6
Added Pin To Net: NetName=PB7 Pin=P2-12
Added Net: Name=PB7
Added Pin To Net: NetName=PC4 Pin=P2-7
Added Net: Name=PC4
Added Pin To Net: NetName=PC5 Pin=P2-9
Added Net: Name=PC5
Added Pin To Net: NetName=PC6 Pin=P2-11
Added Net: Name=PC6
Added Pin To Net: NetName=PC7 Pin=P2-13
Added Net: Name=PC7
Added Pin To Net: NetName=PD0 Pin=P1-6
Added Net: Name=PD0
Added Pin To Net: NetName=PD1 Pin=P1-8
Added Net: Name=PD1
Added Pin To Net: NetName=PD2 Pin=P1-10
Added Net: Name=PD2
Added Pin To Net: NetName=PD3 Pin=P1-12
Added Net: Name=PD3
Added Pin To Net: NetName=PD6 Pin=P2-15
Added Net: Name=PD6
Added Pin To Net: NetName=PD7 Pin=P2-17
Added Net: Name=PD7
Added Pin To Net: NetName=PE0 Pin=P2-6
Added Net: Name=PE0
Added Pin To Net: NetName=PE1 Pin=P1-14
Added Net: Name=PE1
Added Pin To Net: NetName=PE2 Pin=P1-16
Added Net: Name=PE2
Added Pin To Net: NetName=PE3 Pin=P1-18
Added Net: Name=PE3
Added Pin To Net: NetName=PE4 Pin=P1-9
Added Pin To Net: NetName=PE4 Pin=U1-4
Added Net: Name=PE4
Added Pin To Net: NetName=PE5 Pin=P1-11
Added Pin To Net: NetName=PE5 Pin=U1-1
Added Net: Name=PE5
Added Pin To Net: NetName=PF0 Pin=P2-8
Added Net: Name=PF0
Added Pin To Net: NetName=PF1 Pin=P1-20
Added Net: Name=PF1
Added Pin To Net: NetName=PF2 Pin=P2-1
Added Net: Name=PF2
Added Pin To Net: NetName=PF3 Pin=P2-3
Added Net: Name=PF3
Added Pin To Net: NetName=PF4 Pin=P2-19
Added Net: Name=PF4
Added Pin To Net: NetName=RST Pin=P2-10
Added Net: Name=RST
Added Pin To Net: NetName=VBUS Pin=P1-2
Added Pin To Net: NetName=VBUS Pin=U1-3
Added Net: Name=VBUS
Added Class: Name=m12can
