Added Component: Designator=C1(CAP_0603)
Added Component: Designator=C2(CAP_0603)
Added Component: Designator=C3(CAP_0603)
Added Component: Designator=C4(CAP_0603)
Added Component: Designator=D1(DIAO)
Added Component: Designator=P1(HDR2X10)
Added Component: Designator=P2(HDR2X10)
Added Component: Designator=P3(MKDSN_2RMI)
Added Component: Designator=P4(XPH2)
Added Component: Designator=R1(RES_0402)
Added Component: Designator=R2(RES_0402)
Added Component: Designator=R3(RES_0603)
Added Component: Designator=R4(RES_0603)
Added Component: Designator=R5(RES_0603)
Added Component: Designator=R6(RES_0603)
Added Component: Designator=R7(RES_0603)
Added Component: Designator=R8(RES_0603)
Added Component: Designator=R9(RES_0603)
Added Component: Designator=R10(RES_TRIMMER)
Added Component: Designator=Ra1(Radiation)
Added Component: Designator=R(PT100)
Added Component: Designator=U1(TO-92)
Added Component: Designator=U2(SOP20)
Added Component: Designator=U3(SOIC_8)
Added Pin To Net: NetName=3V3 Pin=C1-2
Added Pin To Net: NetName=3V3 Pin=C4-1
Added Pin To Net: NetName=3V3 Pin=P1-1
Added Pin To Net: NetName=3V3 Pin=R3-1
Added Pin To Net: NetName=3V3 Pin=U1-3
Added Pin To Net: NetName=3V3 Pin=U2-2
Added Pin To Net: NetName=3V3 Pin=U2-20
Added Pin To Net: NetName=3V3 Pin=U3-3
Added Net: Name=3V3
Added Pin To Net: NetName=AGND Pin=C3-1
Added Pin To Net: NetName=AGND Pin=C4-2
Added Pin To Net: NetName=AGND Pin=D1-1
Added Pin To Net: NetName=AGND Pin=R1-2
Added Pin To Net: NetName=AGND Pin=R8-1
Added Pin To Net: NetName=AGND Pin=R10-2
Added Pin To Net: NetName=AGND Pin=U3-4
Added Net: Name=AGND
Added Pin To Net: NetName=GND Pin=C1-1
Added Pin To Net: NetName=GND Pin=C2-2
Added Pin To Net: NetName=GND Pin=P1-4
Added Pin To Net: NetName=GND Pin=P2-2
Added Pin To Net: NetName=GND Pin=R1-1
Added Pin To Net: NetName=GND Pin=R2-2
Added Pin To Net: NetName=GND Pin=U1-1
Added Pin To Net: NetName=GND Pin=U2-4
Added Pin To Net: NetName=GND Pin=U2-5
Added Pin To Net: NetName=GND Pin=U2-6
Added Pin To Net: NetName=GND Pin=U2-7
Added Pin To Net: NetName=GND Pin=U2-9
Added Pin To Net: NetName=GND Pin=U2-14
Added Pin To Net: NetName=GND Pin=U2-15
Added Pin To Net: NetName=GND Pin=U2-16
Added Pin To Net: NetName=GND Pin=U2-17
Added Net: Name=GND
Added Pin To Net: NetName=NetR4_1 Pin=R4-1
Added Pin To Net: NetName=NetR4_1 Pin=R5-1
Added Pin To Net: NetName=NetR4_1 Pin=R-2
Added Pin To Net: NetName=NetR4_1 Pin=U3-2
Added Net: Name=NetR4_1
Added Pin To Net: NetName=NetR4_2 Pin=R4-2
Added Pin To Net: NetName=NetR4_2 Pin=R10-1
Added Net: Name=NetR4_2
Added Pin To Net: NetName=NetR5_2 Pin=R5-2
Added Pin To Net: NetName=NetR5_2 Pin=R7-1
Added Pin To Net: NetName=NetR5_2 Pin=U3-6
Added Net: Name=NetR5_2
Added Pin To Net: NetName=NetR6_1 Pin=R6-1
Added Pin To Net: NetName=NetR6_1 Pin=R-1
Added Pin To Net: NetName=NetR6_1 Pin=U3-1
Added Net: Name=NetR6_1
Added Pin To Net: NetName=NetR6_2 Pin=R6-2
Added Pin To Net: NetName=NetR6_2 Pin=R8-2
Added Pin To Net: NetName=NetR6_2 Pin=U3-5
Added Net: Name=NetR6_2
Added Pin To Net: NetName=NetR7_2 Pin=R7-2
Added Pin To Net: NetName=NetR7_2 Pin=R9-2
Added Pin To Net: NetName=NetR7_2 Pin=U3-7
Added Net: Name=NetR7_2
Added Pin To Net: NetName=OUT1 Pin=P4-1
Added Pin To Net: NetName=OUT1 Pin=U2-3
Added Net: Name=OUT1
Added Pin To Net: NetName=OUT2 Pin=P4-2
Added Pin To Net: NetName=OUT2 Pin=U2-8
Added Net: Name=OUT2
Added Pin To Net: NetName=PA2 Pin=P2-20
Added Net: Name=PA2
Added Pin To Net: NetName=PA3 Pin=P2-18
Added Net: Name=PA3
Added Pin To Net: NetName=PA4 Pin=P2-16
Added Net: Name=PA4
Added Pin To Net: NetName=PA5 Pin=P1-15
Added Net: Name=PA5
Added Pin To Net: NetName=PA6 Pin=P1-17
Added Pin To Net: NetName=PA6 Pin=R3-2
Added Pin To Net: NetName=PA6 Pin=U1-2
Added Net: Name=PA6
Added Pin To Net: NetName=PA7 Pin=P1-19
Added Net: Name=PA7
Added Pin To Net: NetName=PB0 Pin=P1-5
Added Net: Name=PB0
Added Pin To Net: NetName=PB1 Pin=P1-7
Added Net: Name=PB1
Added Pin To Net: NetName=PB2 Pin=P2-4
Added Net: Name=PB2
Added Pin To Net: NetName=PB3 Pin=P2-5
Added Net: Name=PB3
Added Pin To Net: NetName=PB4 Pin=P1-13
Added Net: Name=PB4
Added Pin To Net: NetName=PB5 Pin=P1-3
Added Pin To Net: NetName=PB5 Pin=U2-1
Added Net: Name=PB5
Added Pin To Net: NetName=PB6 Pin=P2-14
Added Net: Name=PB6
Added Pin To Net: NetName=PB7 Pin=P2-12
Added Net: Name=PB7
Added Pin To Net: NetName=PC4 Pin=P2-7
Added Net: Name=PC4
Added Pin To Net: NetName=PC5 Pin=P2-9
Added Net: Name=PC5
Added Pin To Net: NetName=PC6 Pin=P2-11
Added Net: Name=PC6
Added Pin To Net: NetName=PC7 Pin=P2-13
Added Net: Name=PC7
Added Pin To Net: NetName=PD0 Pin=P1-6
Added Net: Name=PD0
Added Pin To Net: NetName=PD1 Pin=P1-8
Added Net: Name=PD1
Added Pin To Net: NetName=PD2 Pin=P1-10
Added Net: Name=PD2
Added Pin To Net: NetName=PD3 Pin=P1-12
Added Net: Name=PD3
Added Pin To Net: NetName=PD6 Pin=P2-15
Added Net: Name=PD6
Added Pin To Net: NetName=PD7 Pin=P2-17
Added Net: Name=PD7
Added Pin To Net: NetName=PE0 Pin=P2-6
Added Net: Name=PE0
Added Pin To Net: NetName=PE1 Pin=P1-14
Added Net: Name=PE1
Added Pin To Net: NetName=PE2 Pin=P1-16
Added Net: Name=PE2
Added Pin To Net: NetName=PE3 Pin=C3-2
Added Pin To Net: NetName=PE3 Pin=D1-2
Added Pin To Net: NetName=PE3 Pin=P1-18
Added Pin To Net: NetName=PE3 Pin=R9-1
Added Net: Name=PE3
Added Pin To Net: NetName=PE4 Pin=P1-9
Added Net: Name=PE4
Added Pin To Net: NetName=PE5 Pin=P1-11
Added Net: Name=PE5
Added Pin To Net: NetName=PF0 Pin=P2-8
Added Net: Name=PF0
Added Pin To Net: NetName=PF1 Pin=P1-20
Added Net: Name=PF1
Added Pin To Net: NetName=PF2 Pin=P2-1
Added Net: Name=PF2
Added Pin To Net: NetName=PF3 Pin=P2-3
Added Net: Name=PF3
Added Pin To Net: NetName=PF4 Pin=P2-19
Added Net: Name=PF4
Added Pin To Net: NetName=RST Pin=P2-10
Added Net: Name=RST
Added Pin To Net: NetName=V12 Pin=P3-1
Added Pin To Net: NetName=V12 Pin=U2-10
Added Net: Name=V12
Added Pin To Net: NetName=VBUS Pin=C2-1
Added Pin To Net: NetName=VBUS Pin=P1-2
Added Pin To Net: NetName=VBUS Pin=U3-8
Added Net: Name=VBUS
Added Pin To Net: NetName=VSS Pin=P3-2
Added Pin To Net: NetName=VSS Pin=R2-1
Added Net: Name=VSS
Added Class: Name=m13temp
